<?xml version="1.0" encoding="UTF-8"?>
<!-- Generated by org.testng.reporters.JUnitReportReporter -->
<testsuite hostname="Abi-PC" failures="0" tests="5" name="com.demo.RestAPITest.tests.TC001_ListAllUsers" time="2.743" errors="0" timestamp="2023-02-03T17:51:42 IST" skipped="0">
  <testcase classname="com.demo.RestAPITest.tests.TC001_ListAllUsers" name="listAllUsers" time="1.352"/>
  <system-out/>
  <testcase classname="com.demo.RestAPITest.tests.TC001_ListAllUsers" name="listAllUsers" time="0.272"/>
  <system-out/>
  <testcase classname="com.demo.RestAPITest.tests.TC001_ListAllUsers" name="listAllUsers" time="0.413"/>
  <system-out/>
  <testcase classname="com.demo.RestAPITest.tests.TC001_ListAllUsers" name="listAllUsers" time="0.394"/>
  <system-out/>
  <testcase classname="com.demo.RestAPITest.tests.TC001_ListAllUsers" name="listAllUsers" time="0.312"/>
  <system-out/>
</testsuite> <!-- com.demo.RestAPITest.tests.TC001_ListAllUsers -->
