<?xml version="1.0" encoding="UTF-8"?>
<!-- Generated by org.testng.reporters.JUnitReportReporter -->
<testsuite hostname="Abi-PC" failures="0" tests="1" name="com.demo.RestAPITest.tests.TC005_DeleteUser" time="0.339" errors="0" timestamp="2023-02-03T17:51:42 IST" skipped="0">
  <testcase classname="com.demo.RestAPITest.tests.TC005_DeleteUser" name="deleteUser" time="0.339"/>
  <system-out/>
</testsuite> <!-- com.demo.RestAPITest.tests.TC005_DeleteUser -->
