<?xml version="1.0" encoding="UTF-8"?>
<!-- Generated by org.testng.reporters.JUnitReportReporter -->
<testsuite hostname="Abi-PC" failures="0" tests="7" name="com.demo.RestAPITest.tests.TC002_CreateUser" time="3.858" errors="0" timestamp="2023-02-03T17:51:42 IST" skipped="0">
  <testcase classname="com.demo.RestAPITest.tests.TC002_CreateUser" name="inValidData" time="0.386"/>
  <system-out/>
  <testcase classname="com.demo.RestAPITest.tests.TC002_CreateUser" name="inValidData" time="0.477"/>
  <system-out/>
  <testcase classname="com.demo.RestAPITest.tests.TC002_CreateUser" name="inValidData" time="0.547"/>
  <system-out/>
  <testcase classname="com.demo.RestAPITest.tests.TC002_CreateUser" name="inValidData" time="0.373"/>
  <system-out/>
  <testcase classname="com.demo.RestAPITest.tests.TC002_CreateUser" name="inValidData" time="0.542"/>
  <system-out/>
  <testcase classname="com.demo.RestAPITest.tests.TC002_CreateUser" name="inValidData" time="0.507"/>
  <system-out/>
  <testcase classname="com.demo.RestAPITest.tests.TC002_CreateUser" name="validData" time="1.026"/>
  <system-out/>
</testsuite> <!-- com.demo.RestAPITest.tests.TC002_CreateUser -->
